\BOOKMARK [0][-]{chapter.1}{Introduction}{}% 1
\BOOKMARK [1][-]{section.1.1}{Contexte}{chapter.1}% 2
\BOOKMARK [1][-]{section.1.2}{Objectifs}{chapter.1}% 3
\BOOKMARK [0][-]{chapter.2}{Conception}{}% 4
\BOOKMARK [1][-]{section.2.1}{Types de QR Codes}{chapter.2}% 5
\BOOKMARK [1][-]{section.2.2}{Repr\351sentation des donn\351es}{chapter.2}% 6
\BOOKMARK [1][-]{section.2.3}{Stockage des donn\351es}{chapter.2}% 7
\BOOKMARK [0][-]{chapter.3}{Application de bureau}{}% 8
\BOOKMARK [1][-]{section.3.1}{Conception logicielle}{chapter.3}% 9
\BOOKMARK [2][-]{subsection.3.1.1}{Langages}{section.3.1}% 10
\BOOKMARK [2][-]{subsection.3.1.2}{Architecture}{section.3.1}% 11
\BOOKMARK [1][-]{section.3.2}{Impl\351mentation}{chapter.3}% 12
\BOOKMARK [2][-]{subsection.3.2.1}{Interface graphique}{section.3.2}% 13
\BOOKMARK [2][-]{subsection.3.2.2}{Pr\351visualisation}{section.3.2}% 14
\BOOKMARK [2][-]{subsection.3.2.3}{G\351n\351ration de QR Codes}{section.3.2}% 15
\BOOKMARK [2][-]{subsection.3.2.4}{Gestion des m\351tadonn\351es}{section.3.2}% 16
\BOOKMARK [2][-]{subsection.3.2.5}{Chargement de QR Codes}{section.3.2}% 17
\BOOKMARK [2][-]{subsection.3.2.6}{Compression}{section.3.2}% 18
\BOOKMARK [2][-]{subsection.3.2.7}{Lecture des fichiers du drive}{section.3.2}% 19
\BOOKMARK [2][-]{subsection.3.2.8}{Limite de la taille des QR Codes}{section.3.2}% 20
\BOOKMARK [0][-]{chapter.4}{Application mobile}{}% 21
\BOOKMARK [1][-]{section.4.1}{Application existante}{chapter.4}% 22
\BOOKMARK [1][-]{section.4.2}{T\351l\351chargement de fichiers}{chapter.4}% 23
\BOOKMARK [1][-]{section.4.3}{Adaptation aux nouveaux QR Codes}{chapter.4}% 24
\BOOKMARK [0][-]{chapter.5}{Conclusion}{}% 25
\BOOKMARK [0][-]{section*.12}{Appendices}{}% 26
\BOOKMARK [1][-]{section.Alph0.1}{Organisation}{section*.12}% 27
\BOOKMARK [2][-]{subsection.Alph0.1.1}{R\351partition des t\342ches}{section.Alph0.1}% 28
\BOOKMARK [2][-]{subsection.Alph0.1.2}{Calendrier}{section.Alph0.1}% 29
\BOOKMARK [1][-]{section.Alph0.2}{Manuel utilisateur}{section*.12}% 30
